<?xml version="1.0" encoding="UTF-8"?>
<testsuite name="com.bridgelabz.scripts.WindowHandlerTest" tests="1" skipped="0" failures="0" errors="0" timestamp="2020-01-20T13:45:12" hostname="admin123-desktop" time="3.617">
  <properties/>
  <testcase name="testMultipleWindows" classname="com.bridgelabz.scripts.WindowHandlerTest" time="3.617"/>
  <system-out><![CDATA[Tech Mahindra
LnT
Baker Hughes
]]></system-out>
  <system-err><![CDATA[Starting ChromeDriver 79.0.3945.36 (3582db32b33893869b8c1339e8f4d9ed1816f143-refs/branch-heads/3945@{#614}) on port 2314
Only local connections are allowed.
Please protect ports used by ChromeDriver and related test frameworks to prevent access by malicious code.
Jan 20, 2020 7:15:08 PM org.openqa.selenium.remote.ProtocolHandshake createSession
INFO: Detected dialect: W3C
]]></system-err>
</testsuite>
